<?xml version="1.0" encoding="UTF-8"?>
<testng-results ignored="0" total="1" passed="1" failed="0" skipped="0">
  <reporter-output>
  </reporter-output>
  <suite started-at="2022-06-29T10:51:30 IST" name="Default suite" finished-at="2022-06-29T10:51:38 IST" duration-ms="7787">
    <groups>
    </groups>
    <test started-at="2022-06-29T10:51:30 IST" name="Default test" finished-at="2022-06-29T10:51:38 IST" duration-ms="7787">
      <class name="MavenFrameWork.MavenFrameWork.LoginTC001">
        <test-method is-config="true" signature="setup()[pri:0, instance:MavenFrameWork.MavenFrameWork.LoginTC001@3911c2a7]" started-at="2022-06-29T10:51:30 IST" name="setup" finished-at="2022-06-29T10:51:33 IST" duration-ms="2937" status="PASS">
          <reporter-output>
          </reporter-output>
        </test-method> <!-- setup -->
        <test-method signature="login()[pri:1, instance:MavenFrameWork.MavenFrameWork.LoginTC001@3911c2a7]" started-at="2022-06-29T10:51:33 IST" name="login" finished-at="2022-06-29T10:51:38 IST" duration-ms="4795" status="PASS">
          <reporter-output>
          </reporter-output>
        </test-method> <!-- login -->
      </class> <!-- MavenFrameWork.MavenFrameWork.LoginTC001 -->
    </test> <!-- Default test -->
  </suite> <!-- Default suite -->
</testng-results>
